# JRE version: Java(TM) SE Runtime Environment (8.0_40-b25) (build 1.8.0_40-b25)
# Java VM: Java HotSpot(TM) 64-Bit Server VM (25.40-b25 mixed mode linux-amd64 compressed oops)
Heap:
 PSYoungGen      total 278016K, used 9202K [0x00000000eb300000, 0x0000000100000000, 0x0000000100000000)
  eden space 257024K, 0% used [0x00000000eb300000,0x00000000eb300000,0x00000000fae00000)
  from space 20992K, 43% used [0x00000000fae00000,0x00000000fb6fc890,0x00000000fc280000)
  to   space 62976K, 0% used [0x00000000fc280000,0x00000000fc280000,0x0000000100000000)
 ParOldGen       total 363008K, used 362550K [0x00000000c1800000, 0x00000000d7a80000, 0x00000000eb300000)
  object space 363008K, 99% used [0x00000000c1800000,0x00000000d7a0d9a0,0x00000000d7a80000)
 Metaspace       used 11521K, capacity 11688K, committed 11904K, reserved 1060864K
  class space    used 1293K, capacity 1378K, committed 1408K, reserved 1048576K
GC Heap History (10 events):
Event: 12.266 GC heap after
Heap after GC invocations=1 (full 0):
 PSYoungGen      total 149504K, used 6088K [0x00000000eb300000, 0x00000000f5980000, 0x0000000100000000)
  eden space 128512K, 0% used [0x00000000eb300000,0x00000000eb300000,0x00000000f3080000)
  from space 20992K, 29% used [0x00000000f3080000,0x00000000f36720c8,0x00000000f4500000)
  to   space 20992K, 0% used [0x00000000f4500000,0x00000000f4500000,0x00000000f5980000)
 ParOldGen       total 341504K, used 16K [0x00000000c1800000, 0x00000000d6580000, 0x00000000eb300000)
  object space 341504K, 0% used [0x00000000c1800000,0x00000000c1804000,0x00000000d6580000)
 Metaspace       used 11351K, capacity 11560K, committed 11648K, reserved 1058816K
  class space    used 1291K, capacity 1378K, committed 1408K, reserved 1048576K
}
Event: 19.390 GC heap before
{Heap before GC invocations=2 (full 0):
 PSYoungGen      total 149504K, used 134600K [0x00000000eb300000, 0x00000000f5980000, 0x0000000100000000)
  eden space 128512K, 100% used [0x00000000eb300000,0x00000000f3080000,0x00000000f3080000)
  from space 20992K, 29% used [0x00000000f3080000,0x00000000f36720c8,0x00000000f4500000)
  to   space 20992K, 0% used [0x00000000f4500000,0x00000000f4500000,0x00000000f5980000)
 ParOldGen       total 341504K, used 16K [0x00000000c1800000, 0x00000000d6580000, 0x00000000eb300000)
  object space 341504K, 0% used [0x00000000c1800000,0x00000000c1804000,0x00000000d6580000)
 Metaspace       used 11519K, capacity 11688K, committed 11904K, reserved 1060864K
  class space    used 1293K, capacity 1378K, committed 1408K, reserved 1048576K
Event: 19.788 GC heap after
Heap after GC invocations=2 (full 0):
 PSYoungGen      total 149504K, used 20992K [0x00000000eb300000, 0x00000000fd700000, 0x0000000100000000)
  eden space 128512K, 0% used [0x00000000eb300000,0x00000000eb300000,0x00000000f3080000)
  from space 20992K, 100% used [0x00000000f4500000,0x00000000f5980000,0x00000000f5980000)
  to   space 20992K, 0% used [0x00000000f3080000,0x00000000f3080000,0x00000000f4500000)
 ParOldGen       total 341504K, used 54360K [0x00000000c1800000, 0x00000000d6580000, 0x00000000eb300000)
  object space 341504K, 15% used [0x00000000c1800000,0x00000000c4d16000,0x00000000d6580000)
 Metaspace       used 11519K, capacity 11688K, committed 11904K, reserved 1060864K
  class space    used 1293K, capacity 1378K, committed 1408K, reserved 1048576K
}
Event: 20.175 GC heap before
{Heap before GC invocations=3 (full 0):
 PSYoungGen      total 149504K, used 149504K [0x00000000eb300000, 0x00000000fd700000, 0x0000000100000000)
  eden space 128512K, 100% used [0x00000000eb300000,0x00000000f3080000,0x00000000f3080000)
  from space 20992K, 100% used [0x00000000f4500000,0x00000000f5980000,0x00000000f5980000)
  to   space 20992K, 0% used [0x00000000f3080000,0x00000000f3080000,0x00000000f4500000)
 ParOldGen       total 341504K, used 54360K [0x00000000c1800000, 0x00000000d6580000, 0x00000000eb300000)
  object space 341504K, 15% used [0x00000000c1800000,0x00000000c4d16000,0x00000000d6580000)
 Metaspace       used 11520K, capacity 11688K, committed 11904K, reserved 1060864K
  class space    used 1293K, capacity 1378K, committed 1408K, reserved 1048576K
Event: 20.679 GC heap after
Heap after GC invocations=3 (full 0):
 PSYoungGen      total 149504K, used 20976K [0x00000000eb300000, 0x00000000fd700000, 0x0000000100000000)
  eden space 128512K, 0% used [0x00000000eb300000,0x00000000eb300000,0x00000000f3080000)
  from space 20992K, 99% used [0x00000000f3080000,0x00000000f44fc010,0x00000000f4500000)
  to   space 20992K, 0% used [0x00000000fc280000,0x00000000fc280000,0x00000000fd700000)
 ParOldGen       total 341504K, used 134712K [0x00000000c1800000, 0x00000000d6580000, 0x00000000eb300000)
  object space 341504K, 39% used [0x00000000c1800000,0x00000000c9b8e000,0x00000000d6580000)
 Metaspace       used 11520K, capacity 11688K, committed 11904K, reserved 1060864K
  class space    used 1293K, capacity 1378K, committed 1408K, reserved 1048576K
}
Event: 21.086 GC heap before
{Heap before GC invocations=4 (full 0):
 PSYoungGen      total 149504K, used 149488K [0x00000000eb300000, 0x00000000fd700000, 0x0000000100000000)
  eden space 128512K, 100% used [0x00000000eb300000,0x00000000f3080000,0x00000000f3080000)
  from space 20992K, 99% used [0x00000000f3080000,0x00000000f44fc010,0x00000000f4500000)
  to   space 20992K, 0% used [0x00000000fc280000,0x00000000fc280000,0x00000000fd700000)
 ParOldGen       total 341504K, used 134712K [0x00000000c1800000, 0x00000000d6580000, 0x00000000eb300000)
  object space 341504K, 39% used [0x00000000c1800000,0x00000000c9b8e000,0x00000000d6580000)
 Metaspace       used 11521K, capacity 11688K, committed 11904K, reserved 1060864K
  class space    used 1293K, capacity 1378K, committed 1408K, reserved 1048576K
Event: 21.548 GC heap after
Heap after GC invocations=4 (full 0):
 PSYoungGen      total 278016K, used 20960K [0x00000000eb300000, 0x00000000fd700000, 0x0000000100000000)
  eden space 257024K, 0% used [0x00000000eb300000,0x00000000eb300000,0x00000000fae00000)
  from space 20992K, 99% used [0x00000000fc280000,0x00000000fd6f8020,0x00000000fd700000)
  to   space 20992K, 0% used [0x00000000fae00000,0x00000000fae00000,0x00000000fc280000)
 ParOldGen       total 341504K, used 216008K [0x00000000c1800000, 0x00000000d6580000, 0x00000000eb300000)
  object space 341504K, 63% used [0x00000000c1800000,0x00000000ceaf2000,0x00000000d6580000)
 Metaspace       used 11521K, capacity 11688K, committed 11904K, reserved 1060864K
  class space    used 1293K, capacity 1378K, committed 1408K, reserved 1048576K
}
Event: 22.443 GC heap before
{Heap before GC invocations=5 (full 0):
 PSYoungGen      total 278016K, used 277984K [0x00000000eb300000, 0x00000000fd700000, 0x0000000100000000)
  eden space 257024K, 100% used [0x00000000eb300000,0x00000000fae00000,0x00000000fae00000)
  from space 20992K, 99% used [0x00000000fc280000,0x00000000fd6f8020,0x00000000fd700000)
  to   space 20992K, 0% used [0x00000000fae00000,0x00000000fae00000,0x00000000fc280000)
 ParOldGen       total 341504K, used 216008K [0x00000000c1800000, 0x00000000d6580000, 0x00000000eb300000)
  object space 341504K, 63% used [0x00000000c1800000,0x00000000ceaf2000,0x00000000d6580000)
 Metaspace       used 11521K, capacity 11688K, committed 11904K, reserved 1060864K
  class space    used 1293K, capacity 1378K, committed 1408K, reserved 1048576K
Event: 23.357 GC heap after
Heap after GC invocations=5 (full 0):
 PSYoungGen      total 278016K, used 20992K [0x00000000eb300000, 0x0000000100000000, 0x0000000100000000)
  eden space 257024K, 0% used [0x00000000eb300000,0x00000000eb300000,0x00000000fae00000)
  from space 20992K, 100% used [0x00000000fae00000,0x00000000fc280000,0x00000000fc280000)
  to   space 62976K, 0% used [0x00000000fc280000,0x00000000fc280000,0x0000000100000000)
 ParOldGen       total 363008K, used 362248K [0x00000000c1800000, 0x00000000d7a80000, 0x00000000eb300000)
  object space 363008K, 99% used [0x00000000c1800000,0x00000000d79c2000,0x00000000d7a80000)
 Metaspace       used 11521K, capacity 11688K, committed 11904K, reserved 1060864K
  class space    used 1293K, capacity 1378K, committed 1408K, reserved 1048576K
}
Event: 23.382 GC heap before
{Heap before GC invocations=6 (full 1):
 PSYoungGen      total 278016K, used 20992K [0x00000000eb300000, 0x0000000100000000, 0x0000000100000000)
  eden space 257024K, 0% used [0x00000000eb300000,0x00000000eb300000,0x00000000fae00000)
  from space 20992K, 100% used [0x00000000fae00000,0x00000000fc280000,0x00000000fc280000)
  to   space 62976K, 0% used [0x00000000fc280000,0x00000000fc280000,0x0000000100000000)
 ParOldGen       total 363008K, used 362248K [0x00000000c1800000, 0x00000000d7a80000, 0x00000000eb300000)
  object space 363008K, 99% used [0x00000000c1800000,0x00000000d79c2000,0x00000000d7a80000)
 Metaspace       used 11521K, capacity 11688K, committed 11904K, reserved 1060864K
  class space    used 1293K, capacity 1378K, committed 1408K, reserved 1048576K

