# JRE version: Java(TM) SE Runtime Environment (8.0_40-b25) (build 1.8.0_40-b25)
# Java VM: Java HotSpot(TM) 64-Bit Server VM (25.40-b25 mixed mode linux-amd64 compressed oops)
Heap:
 PSYoungGen      total 278016K, used 0K [0x00000000eb300000, 0x0000000100000000, 0x0000000100000000)
  eden space 257024K, 0% used [0x00000000eb300000,0x00000000eb300000,0x00000000fae00000)
  from space 20992K, 0% used [0x00000000fae00000,0x00000000fae00000,0x00000000fc280000)
  to   space 62976K, 0% used [0x00000000fc280000,0x00000000fc280000,0x0000000100000000)
 ParOldGen       total 341504K, used 324474K [0x00000000c1800000, 0x00000000d6580000, 0x00000000eb300000)
  object space 341504K, 95% used [0x00000000c1800000,0x00000000d54debf0,0x00000000d6580000)
 Metaspace       used 11528K, capacity 11752K, committed 11904K, reserved 1060864K
  class space    used 1293K, capacity 1378K, committed 1408K, reserved 1048576K
GC Heap History (10 events):
Event: 14.928 GC heap after
Heap after GC invocations=1 (full 0):
 PSYoungGen      total 149504K, used 6180K [0x00000000eb300000, 0x00000000f5980000, 0x0000000100000000)
  eden space 128512K, 0% used [0x00000000eb300000,0x00000000eb300000,0x00000000f3080000)
  from space 20992K, 29% used [0x00000000f3080000,0x00000000f36891b8,0x00000000f4500000)
  to   space 20992K, 0% used [0x00000000f4500000,0x00000000f4500000,0x00000000f5980000)
 ParOldGen       total 341504K, used 8K [0x00000000c1800000, 0x00000000d6580000, 0x00000000eb300000)
  object space 341504K, 0% used [0x00000000c1800000,0x00000000c1802000,0x00000000d6580000)
 Metaspace       used 11362K, capacity 11496K, committed 11648K, reserved 1058816K
  class space    used 1292K, capacity 1378K, committed 1408K, reserved 1048576K
}
Event: 45.593 GC heap before
{Heap before GC invocations=2 (full 0):
 PSYoungGen      total 149504K, used 134692K [0x00000000eb300000, 0x00000000f5980000, 0x0000000100000000)
  eden space 128512K, 100% used [0x00000000eb300000,0x00000000f3080000,0x00000000f3080000)
  from space 20992K, 29% used [0x00000000f3080000,0x00000000f36891b8,0x00000000f4500000)
  to   space 20992K, 0% used [0x00000000f4500000,0x00000000f4500000,0x00000000f5980000)
 ParOldGen       total 341504K, used 8K [0x00000000c1800000, 0x00000000d6580000, 0x00000000eb300000)
  object space 341504K, 0% used [0x00000000c1800000,0x00000000c1802000,0x00000000d6580000)
 Metaspace       used 11511K, capacity 11688K, committed 11904K, reserved 1060864K
  class space    used 1293K, capacity 1378K, committed 1408K, reserved 1048576K
Event: 45.680 GC heap after
Heap after GC invocations=2 (full 0):
 PSYoungGen      total 149504K, used 11680K [0x00000000eb300000, 0x00000000f5980000, 0x0000000100000000)
  eden space 128512K, 0% used [0x00000000eb300000,0x00000000eb300000,0x00000000f3080000)
  from space 20992K, 55% used [0x00000000f4500000,0x00000000f5068000,0x00000000f5980000)
  to   space 20992K, 0% used [0x00000000f3080000,0x00000000f3080000,0x00000000f4500000)
 ParOldGen       total 341504K, used 16K [0x00000000c1800000, 0x00000000d6580000, 0x00000000eb300000)
  object space 341504K, 0% used [0x00000000c1800000,0x00000000c1804000,0x00000000d6580000)
 Metaspace       used 11511K, capacity 11688K, committed 11904K, reserved 1060864K
  class space    used 1293K, capacity 1378K, committed 1408K, reserved 1048576K
}
Event: 46.266 GC heap before
{Heap before GC invocations=3 (full 0):
 PSYoungGen      total 149504K, used 140192K [0x00000000eb300000, 0x00000000f5980000, 0x0000000100000000)
  eden space 128512K, 100% used [0x00000000eb300000,0x00000000f3080000,0x00000000f3080000)
  from space 20992K, 55% used [0x00000000f4500000,0x00000000f5068000,0x00000000f5980000)
  to   space 20992K, 0% used [0x00000000f3080000,0x00000000f3080000,0x00000000f4500000)
 ParOldGen       total 341504K, used 16K [0x00000000c1800000, 0x00000000d6580000, 0x00000000eb300000)
  object space 341504K, 0% used [0x00000000c1800000,0x00000000c1804000,0x00000000d6580000)
 Metaspace       used 11521K, capacity 11752K, committed 11904K, reserved 1060864K
  class space    used 1293K, capacity 1378K, committed 1408K, reserved 1048576K
Event: 46.674 GC heap after
Heap after GC invocations=3 (full 0):
 PSYoungGen      total 149504K, used 20992K [0x00000000eb300000, 0x00000000fd700000, 0x0000000100000000)
  eden space 128512K, 0% used [0x00000000eb300000,0x00000000eb300000,0x00000000f3080000)
  from space 20992K, 100% used [0x00000000f3080000,0x00000000f4500000,0x00000000f4500000)
  to   space 20992K, 0% used [0x00000000fc280000,0x00000000fc280000,0x00000000fd700000)
 ParOldGen       total 341504K, used 77784K [0x00000000c1800000, 0x00000000d6580000, 0x00000000eb300000)
  object space 341504K, 22% used [0x00000000c1800000,0x00000000c63f6000,0x00000000d6580000)
 Metaspace       used 11521K, capacity 11752K, committed 11904K, reserved 1060864K
  class space    used 1293K, capacity 1378K, committed 1408K, reserved 1048576K
}
Event: 47.113 GC heap before
{Heap before GC invocations=4 (full 0):
 PSYoungGen      total 149504K, used 149504K [0x00000000eb300000, 0x00000000fd700000, 0x0000000100000000)
  eden space 128512K, 100% used [0x00000000eb300000,0x00000000f3080000,0x00000000f3080000)
  from space 20992K, 100% used [0x00000000f3080000,0x00000000f4500000,0x00000000f4500000)
  to   space 20992K, 0% used [0x00000000fc280000,0x00000000fc280000,0x00000000fd700000)
 ParOldGen       total 341504K, used 77784K [0x00000000c1800000, 0x00000000d6580000, 0x00000000eb300000)
  object space 341504K, 22% used [0x00000000c1800000,0x00000000c63f6000,0x00000000d6580000)
 Metaspace       used 11522K, capacity 11752K, committed 11904K, reserved 1060864K
  class space    used 1293K, capacity 1378K, committed 1408K, reserved 1048576K
Event: 47.676 GC heap after
Heap after GC invocations=4 (full 0):
 PSYoungGen      total 278016K, used 20976K [0x00000000eb300000, 0x00000000fd700000, 0x0000000100000000)
  eden space 257024K, 0% used [0x00000000eb300000,0x00000000eb300000,0x00000000fae00000)
  from space 20992K, 99% used [0x00000000fc280000,0x00000000fd6fc010,0x00000000fd700000)
  to   space 20992K, 0% used [0x00000000fae00000,0x00000000fae00000,0x00000000fc280000)
 ParOldGen       total 341504K, used 169040K [0x00000000c1800000, 0x00000000d6580000, 0x00000000eb300000)
  object space 341504K, 49% used [0x00000000c1800000,0x00000000cbd14000,0x00000000d6580000)
 Metaspace       used 11522K, capacity 11752K, committed 11904K, reserved 1060864K
  class space    used 1293K, capacity 1378K, committed 1408K, reserved 1048576K
}
Event: 48.652 GC heap before
{Heap before GC invocations=5 (full 0):
 PSYoungGen      total 278016K, used 278000K [0x00000000eb300000, 0x00000000fd700000, 0x0000000100000000)
  eden space 257024K, 100% used [0x00000000eb300000,0x00000000fae00000,0x00000000fae00000)
  from space 20992K, 99% used [0x00000000fc280000,0x00000000fd6fc010,0x00000000fd700000)
  to   space 20992K, 0% used [0x00000000fae00000,0x00000000fae00000,0x00000000fc280000)
 ParOldGen       total 341504K, used 169040K [0x00000000c1800000, 0x00000000d6580000, 0x00000000eb300000)
  object space 341504K, 49% used [0x00000000c1800000,0x00000000cbd14000,0x00000000d6580000)
 Metaspace       used 11528K, capacity 11752K, committed 11904K, reserved 1060864K
  class space    used 1293K, capacity 1378K, committed 1408K, reserved 1048576K
Event: 49.380 GC heap after
Heap after GC invocations=5 (full 0):
 PSYoungGen      total 278016K, used 20976K [0x00000000eb300000, 0x0000000100000000, 0x0000000100000000)
  eden space 257024K, 0% used [0x00000000eb300000,0x00000000eb300000,0x00000000fae00000)
  from space 20992K, 99% used [0x00000000fae00000,0x00000000fc27c010,0x00000000fc280000)
  to   space 62976K, 0% used [0x00000000fc280000,0x00000000fc280000,0x0000000100000000)
 ParOldGen       total 341504K, used 309328K [0x00000000c1800000, 0x00000000d6580000, 0x00000000eb300000)
  object space 341504K, 90% used [0x00000000c1800000,0x00000000d4614000,0x00000000d6580000)
 Metaspace       used 11528K, capacity 11752K, committed 11904K, reserved 1060864K
  class space    used 1293K, capacity 1378K, committed 1408K, reserved 1048576K
}
Event: 49.380 GC heap before
{Heap before GC invocations=6 (full 1):
 PSYoungGen      total 278016K, used 20976K [0x00000000eb300000, 0x0000000100000000, 0x0000000100000000)
  eden space 257024K, 0% used [0x00000000eb300000,0x00000000eb300000,0x00000000fae00000)
  from space 20992K, 99% used [0x00000000fae00000,0x00000000fc27c010,0x00000000fc280000)
  to   space 62976K, 0% used [0x00000000fc280000,0x00000000fc280000,0x0000000100000000)
 ParOldGen       total 341504K, used 309328K [0x00000000c1800000, 0x00000000d6580000, 0x00000000eb300000)
  object space 341504K, 90% used [0x00000000c1800000,0x00000000d4614000,0x00000000d6580000)
 Metaspace       used 11528K, capacity 11752K, committed 11904K, reserved 1060864K
  class space    used 1293K, capacity 1378K, committed 1408K, reserved 1048576K

