# JRE version: Java(TM) SE Runtime Environment (8.0_40-b25) (build 1.8.0_40-b25)
# Java VM: Java HotSpot(TM) 64-Bit Server VM (25.40-b25 mixed mode linux-amd64 compressed oops)
Heap:
 PSYoungGen      total 278016K, used 0K [0x00000000eb300000, 0x0000000100000000, 0x0000000100000000)
  eden space 257024K, 0% used [0x00000000eb300000,0x00000000eb300000,0x00000000fae00000)
  from space 20992K, 0% used [0x00000000fae00000,0x00000000fae00000,0x00000000fc280000)
  to   space 62976K, 0% used [0x00000000fc280000,0x00000000fc280000,0x0000000100000000)
 ParOldGen       total 341504K, used 324365K [0x00000000c1800000, 0x00000000d6580000, 0x00000000eb300000)
  object space 341504K, 94% used [0x00000000c1800000,0x00000000d54c3688,0x00000000d6580000)
 Metaspace       used 11581K, capacity 11816K, committed 11904K, reserved 1060864K
  class space    used 1296K, capacity 1378K, committed 1408K, reserved 1048576K
GC Heap History (10 events):
Event: 25.195 GC heap after
Heap after GC invocations=1 (full 0):
 PSYoungGen      total 149504K, used 5964K [0x00000000eb300000, 0x00000000f5980000, 0x0000000100000000)
  eden space 128512K, 0% used [0x00000000eb300000,0x00000000eb300000,0x00000000f3080000)
  from space 20992K, 28% used [0x00000000f3080000,0x00000000f3653008,0x00000000f4500000)
  to   space 20992K, 0% used [0x00000000f4500000,0x00000000f4500000,0x00000000f5980000)
 ParOldGen       total 341504K, used 8K [0x00000000c1800000, 0x00000000d6580000, 0x00000000eb300000)
  object space 341504K, 0% used [0x00000000c1800000,0x00000000c1802000,0x00000000d6580000)
 Metaspace       used 11414K, capacity 11624K, committed 11904K, reserved 1060864K
  class space    used 1294K, capacity 1378K, committed 1408K, reserved 1048576K
}
Event: 64.776 GC heap before
{Heap before GC invocations=2 (full 0):
 PSYoungGen      total 149504K, used 134476K [0x00000000eb300000, 0x00000000f5980000, 0x0000000100000000)
  eden space 128512K, 100% used [0x00000000eb300000,0x00000000f3080000,0x00000000f3080000)
  from space 20992K, 28% used [0x00000000f3080000,0x00000000f3653008,0x00000000f4500000)
  to   space 20992K, 0% used [0x00000000f4500000,0x00000000f4500000,0x00000000f5980000)
 ParOldGen       total 341504K, used 8K [0x00000000c1800000, 0x00000000d6580000, 0x00000000eb300000)
  object space 341504K, 0% used [0x00000000c1800000,0x00000000c1802000,0x00000000d6580000)
 Metaspace       used 11570K, capacity 11816K, committed 11904K, reserved 1060864K
  class space    used 1295K, capacity 1378K, committed 1408K, reserved 1048576K
Event: 65.083 GC heap after
Heap after GC invocations=2 (full 0):
 PSYoungGen      total 149504K, used 20992K [0x00000000eb300000, 0x00000000f5980000, 0x0000000100000000)
  eden space 128512K, 0% used [0x00000000eb300000,0x00000000eb300000,0x00000000f3080000)
  from space 20992K, 100% used [0x00000000f4500000,0x00000000f5980000,0x00000000f5980000)
  to   space 20992K, 0% used [0x00000000f3080000,0x00000000f3080000,0x00000000f4500000)
 ParOldGen       total 341504K, used 26976K [0x00000000c1800000, 0x00000000d6580000, 0x00000000eb300000)
  object space 341504K, 7% used [0x00000000c1800000,0x00000000c3258000,0x00000000d6580000)
 Metaspace       used 11570K, capacity 11816K, committed 11904K, reserved 1060864K
  class space    used 1295K, capacity 1378K, committed 1408K, reserved 1048576K
}
Event: 65.813 GC heap before
{Heap before GC invocations=3 (full 0):
 PSYoungGen      total 149504K, used 149504K [0x00000000eb300000, 0x00000000f5980000, 0x0000000100000000)
  eden space 128512K, 100% used [0x00000000eb300000,0x00000000f3080000,0x00000000f3080000)
  from space 20992K, 100% used [0x00000000f4500000,0x00000000f5980000,0x00000000f5980000)
  to   space 20992K, 0% used [0x00000000f3080000,0x00000000f3080000,0x00000000f4500000)
 ParOldGen       total 341504K, used 26976K [0x00000000c1800000, 0x00000000d6580000, 0x00000000eb300000)
  object space 341504K, 7% used [0x00000000c1800000,0x00000000c3258000,0x00000000d6580000)
 Metaspace       used 11572K, capacity 11816K, committed 11904K, reserved 1060864K
  class space    used 1295K, capacity 1378K, committed 1408K, reserved 1048576K
Event: 66.386 GC heap after
Heap after GC invocations=3 (full 0):
 PSYoungGen      total 149504K, used 20992K [0x00000000eb300000, 0x00000000fd700000, 0x0000000100000000)
  eden space 128512K, 0% used [0x00000000eb300000,0x00000000eb300000,0x00000000f3080000)
  from space 20992K, 100% used [0x00000000f3080000,0x00000000f4500000,0x00000000f4500000)
  to   space 20992K, 0% used [0x00000000fc280000,0x00000000fc280000,0x00000000fd700000)
 ParOldGen       total 341504K, used 113176K [0x00000000c1800000, 0x00000000d6580000, 0x00000000eb300000)
  object space 341504K, 33% used [0x00000000c1800000,0x00000000c8686000,0x00000000d6580000)
 Metaspace       used 11572K, capacity 11816K, committed 11904K, reserved 1060864K
  class space    used 1295K, capacity 1378K, committed 1408K, reserved 1048576K
}
Event: 66.863 GC heap before
{Heap before GC invocations=4 (full 0):
 PSYoungGen      total 149504K, used 149504K [0x00000000eb300000, 0x00000000fd700000, 0x0000000100000000)
  eden space 128512K, 100% used [0x00000000eb300000,0x00000000f3080000,0x00000000f3080000)
  from space 20992K, 100% used [0x00000000f3080000,0x00000000f4500000,0x00000000f4500000)
  to   space 20992K, 0% used [0x00000000fc280000,0x00000000fc280000,0x00000000fd700000)
 ParOldGen       total 341504K, used 113176K [0x00000000c1800000, 0x00000000d6580000, 0x00000000eb300000)
  object space 341504K, 33% used [0x00000000c1800000,0x00000000c8686000,0x00000000d6580000)
 Metaspace       used 11581K, capacity 11816K, committed 11904K, reserved 1060864K
  class space    used 1296K, capacity 1378K, committed 1408K, reserved 1048576K
Event: 67.283 GC heap after
Heap after GC invocations=4 (full 0):
 PSYoungGen      total 278016K, used 20992K [0x00000000eb300000, 0x00000000fd700000, 0x0000000100000000)
  eden space 257024K, 0% used [0x00000000eb300000,0x00000000eb300000,0x00000000fae00000)
  from space 20992K, 100% used [0x00000000fc280000,0x00000000fd700000,0x00000000fd700000)
  to   space 20992K, 0% used [0x00000000fae00000,0x00000000fae00000,0x00000000fc280000)
 ParOldGen       total 341504K, used 181496K [0x00000000c1800000, 0x00000000d6580000, 0x00000000eb300000)
  object space 341504K, 53% used [0x00000000c1800000,0x00000000cc93e000,0x00000000d6580000)
 Metaspace       used 11581K, capacity 11816K, committed 11904K, reserved 1060864K
  class space    used 1296K, capacity 1378K, committed 1408K, reserved 1048576K
}
Event: 67.932 GC heap before
{Heap before GC invocations=5 (full 0):
 PSYoungGen      total 278016K, used 278016K [0x00000000eb300000, 0x00000000fd700000, 0x0000000100000000)
  eden space 257024K, 100% used [0x00000000eb300000,0x00000000fae00000,0x00000000fae00000)
  from space 20992K, 100% used [0x00000000fc280000,0x00000000fd700000,0x00000000fd700000)
  to   space 20992K, 0% used [0x00000000fae00000,0x00000000fae00000,0x00000000fc280000)
 ParOldGen       total 341504K, used 181496K [0x00000000c1800000, 0x00000000d6580000, 0x00000000eb300000)
  object space 341504K, 53% used [0x00000000c1800000,0x00000000cc93e000,0x00000000d6580000)
 Metaspace       used 11581K, capacity 11816K, committed 11904K, reserved 1060864K
  class space    used 1296K, capacity 1378K, committed 1408K, reserved 1048576K
Event: 69.131 GC heap after
Heap after GC invocations=5 (full 0):
 PSYoungGen      total 278016K, used 20960K [0x00000000eb300000, 0x0000000100000000, 0x0000000100000000)
  eden space 257024K, 0% used [0x00000000eb300000,0x00000000eb300000,0x00000000fae00000)
  from space 20992K, 99% used [0x00000000fae00000,0x00000000fc278020,0x00000000fc280000)
  to   space 62976K, 0% used [0x00000000fc280000,0x00000000fc280000,0x0000000100000000)
 ParOldGen       total 341504K, used 326984K [0x00000000c1800000, 0x00000000d6580000, 0x00000000eb300000)
  object space 341504K, 95% used [0x00000000c1800000,0x00000000d5752000,0x00000000d6580000)
 Metaspace       used 11581K, capacity 11816K, committed 11904K, reserved 1060864K
  class space    used 1296K, capacity 1378K, committed 1408K, reserved 1048576K
}
Event: 69.131 GC heap before
{Heap before GC invocations=6 (full 1):
 PSYoungGen      total 278016K, used 20960K [0x00000000eb300000, 0x0000000100000000, 0x0000000100000000)
  eden space 257024K, 0% used [0x00000000eb300000,0x00000000eb300000,0x00000000fae00000)
  from space 20992K, 99% used [0x00000000fae00000,0x00000000fc278020,0x00000000fc280000)
  to   space 62976K, 0% used [0x00000000fc280000,0x00000000fc280000,0x0000000100000000)
 ParOldGen       total 341504K, used 326984K [0x00000000c1800000, 0x00000000d6580000, 0x00000000eb300000)
  object space 341504K, 95% used [0x00000000c1800000,0x00000000d5752000,0x00000000d6580000)
 Metaspace       used 11581K, capacity 11816K, committed 11904K, reserved 1060864K
  class space    used 1296K, capacity 1378K, committed 1408K, reserved 1048576K

