# JRE version: Java(TM) SE Runtime Environment (8.0_40-b25) (build 1.8.0_40-b25)
# Java VM: Java HotSpot(TM) 64-Bit Server VM (25.40-b25 mixed mode linux-amd64 compressed oops)
Heap:
 PSYoungGen      total 73216K, used 5265K [0x00000000ec700000, 0x00000000f1a00000, 0x0000000100000000)
  eden space 61440K, 0% used [0x00000000ec700000,0x00000000ec700000,0x00000000f0300000)
  from space 11776K, 44% used [0x00000000f0300000,0x00000000f0824730,0x00000000f0e80000)
  to   space 11776K, 0% used [0x00000000f0e80000,0x00000000f0e80000,0x00000000f1a00000)
 ParOldGen       total 40960K, used 19791K [0x00000000c5400000, 0x00000000c7c00000, 0x00000000ec700000)
  object space 40960K, 48% used [0x00000000c5400000,0x00000000c6753db0,0x00000000c7c00000)
 Metaspace       used 13393K, capacity 13594K, committed 13824K, reserved 1060864K
  class space    used 1436K, capacity 1501K, committed 1536K, reserved 1048576K
GC Heap History (10 events):
Event: 4.576 GC heap after
Heap after GC invocations=2 (full 0):
 PSYoungGen      total 17920K, used 2512K [0x00000000ec700000, 0x00000000edb00000, 0x0000000100000000)
  eden space 15360K, 0% used [0x00000000ec700000,0x00000000ec700000,0x00000000ed600000)
  from space 2560K, 98% used [0x00000000ed880000,0x00000000edaf4070,0x00000000edb00000)
  to   space 2560K, 0% used [0x00000000ed600000,0x00000000ed600000,0x00000000ed880000)
 ParOldGen       total 40960K, used 1861K [0x00000000c5400000, 0x00000000c7c00000, 0x00000000ec700000)
  object space 40960K, 4% used [0x00000000c5400000,0x00000000c55d14f8,0x00000000c7c00000)
 Metaspace       used 9625K, capacity 9898K, committed 9984K, reserved 1058816K
  class space    used 1168K, capacity 1213K, committed 1280K, reserved 1048576K
}
Event: 5.340 GC heap before
{Heap before GC invocations=3 (full 0):
 PSYoungGen      total 17920K, used 17192K [0x00000000ec700000, 0x00000000edb00000, 0x0000000100000000)
  eden space 15360K, 95% used [0x00000000ec700000,0x00000000ed556228,0x00000000ed600000)
  from space 2560K, 98% used [0x00000000ed880000,0x00000000edaf4070,0x00000000edb00000)
  to   space 2560K, 0% used [0x00000000ed600000,0x00000000ed600000,0x00000000ed880000)
 ParOldGen       total 40960K, used 1861K [0x00000000c5400000, 0x00000000c7c00000, 0x00000000ec700000)
  object space 40960K, 4% used [0x00000000c5400000,0x00000000c55d14f8,0x00000000c7c00000)
 Metaspace       used 10795K, capacity 10922K, committed 11136K, reserved 1058816K
  class space    used 1277K, capacity 1341K, committed 1408K, reserved 1048576K
Event: 5.364 GC heap after
Heap after GC invocations=3 (full 0):
 PSYoungGen      total 17920K, used 2541K [0x00000000ec700000, 0x00000000eea00000, 0x0000000100000000)
  eden space 15360K, 0% used [0x00000000ec700000,0x00000000ec700000,0x00000000ed600000)
  from space 2560K, 99% used [0x00000000ed600000,0x00000000ed87b4c0,0x00000000ed880000)
  to   space 2560K, 0% used [0x00000000ee780000,0x00000000ee780000,0x00000000eea00000)
 ParOldGen       total 40960K, used 8533K [0x00000000c5400000, 0x00000000c7c00000, 0x00000000ec700000)
  object space 40960K, 20% used [0x00000000c5400000,0x00000000c5c55648,0x00000000c7c00000)
 Metaspace       used 10795K, capacity 10922K, committed 11136K, reserved 1058816K
  class space    used 1277K, capacity 1341K, committed 1408K, reserved 1048576K
}
Event: 6.468 GC heap before
{Heap before GC invocations=4 (full 0):
 PSYoungGen      total 17920K, used 17901K [0x00000000ec700000, 0x00000000eea00000, 0x0000000100000000)
  eden space 15360K, 100% used [0x00000000ec700000,0x00000000ed600000,0x00000000ed600000)
  from space 2560K, 99% used [0x00000000ed600000,0x00000000ed87b4c0,0x00000000ed880000)
  to   space 2560K, 0% used [0x00000000ee780000,0x00000000ee780000,0x00000000eea00000)
 ParOldGen       total 40960K, used 8533K [0x00000000c5400000, 0x00000000c7c00000, 0x00000000ec700000)
  object space 40960K, 20% used [0x00000000c5400000,0x00000000c5c55648,0x00000000c7c00000)
 Metaspace       used 10893K, capacity 11058K, committed 11136K, reserved 1058816K
  class space    used 1281K, capacity 1341K, committed 1408K, reserved 1048576K
Event: 6.503 GC heap after
Heap after GC invocations=4 (full 0):
 PSYoungGen      total 33280K, used 2552K [0x00000000ec700000, 0x00000000eea00000, 0x0000000100000000)
  eden space 30720K, 0% used [0x00000000ec700000,0x00000000ec700000,0x00000000ee500000)
  from space 2560K, 99% used [0x00000000ee780000,0x00000000ee9fe2c8,0x00000000eea00000)
  to   space 2560K, 0% used [0x00000000ee500000,0x00000000ee500000,0x00000000ee780000)
 ParOldGen       total 40960K, used 12727K [0x00000000c5400000, 0x00000000c7c00000, 0x00000000ec700000)
  object space 40960K, 31% used [0x00000000c5400000,0x00000000c606dca8,0x00000000c7c00000)
 Metaspace       used 10893K, capacity 11058K, committed 11136K, reserved 1058816K
  class space    used 1281K, capacity 1341K, committed 1408K, reserved 1048576K
}
Event: 8.871 GC heap before
{Heap before GC invocations=5 (full 0):
 PSYoungGen      total 33280K, used 33272K [0x00000000ec700000, 0x00000000eea00000, 0x0000000100000000)
  eden space 30720K, 100% used [0x00000000ec700000,0x00000000ee500000,0x00000000ee500000)
  from space 2560K, 99% used [0x00000000ee780000,0x00000000ee9fe2c8,0x00000000eea00000)
  to   space 2560K, 0% used [0x00000000ee500000,0x00000000ee500000,0x00000000ee780000)
 ParOldGen       total 40960K, used 12727K [0x00000000c5400000, 0x00000000c7c00000, 0x00000000ec700000)
  object space 40960K, 31% used [0x00000000c5400000,0x00000000c606dca8,0x00000000c7c00000)
 Metaspace       used 12254K, capacity 12442K, committed 12544K, reserved 1060864K
  class space    used 1381K, capacity 1437K, committed 1536K, reserved 1048576K
Event: 8.932 GC heap after
Heap after GC invocations=5 (full 0):
 PSYoungGen      total 33280K, used 2530K [0x00000000ec700000, 0x00000000f1a00000, 0x0000000100000000)
  eden space 30720K, 0% used [0x00000000ec700000,0x00000000ec700000,0x00000000ee500000)
  from space 2560K, 98% used [0x00000000ee500000,0x00000000ee778990,0x00000000ee780000)
  to   space 11776K, 0% used [0x00000000f0e80000,0x00000000f0e80000,0x00000000f1a00000)
 ParOldGen       total 40960K, used 19223K [0x00000000c5400000, 0x00000000c7c00000, 0x00000000ec700000)
  object space 40960K, 46% used [0x00000000c5400000,0x00000000c66c5d80,0x00000000c7c00000)
 Metaspace       used 12254K, capacity 12442K, committed 12544K, reserved 1060864K
  class space    used 1381K, capacity 1437K, committed 1536K, reserved 1048576K
}
Event: 9.760 GC heap before
{Heap before GC invocations=6 (full 0):
 PSYoungGen      total 33280K, used 33250K [0x00000000ec700000, 0x00000000f1a00000, 0x0000000100000000)
  eden space 30720K, 100% used [0x00000000ec700000,0x00000000ee500000,0x00000000ee500000)
  from space 2560K, 98% used [0x00000000ee500000,0x00000000ee778990,0x00000000ee780000)
  to   space 11776K, 0% used [0x00000000f0e80000,0x00000000f0e80000,0x00000000f1a00000)
 ParOldGen       total 40960K, used 19223K [0x00000000c5400000, 0x00000000c7c00000, 0x00000000ec700000)
  object space 40960K, 46% used [0x00000000c5400000,0x00000000c66c5d80,0x00000000c7c00000)
 Metaspace       used 12484K, capacity 12634K, committed 12800K, reserved 1060864K
  class space    used 1381K, capacity 1437K, committed 1536K, reserved 1048576K
Event: 9.789 GC heap after
Heap after GC invocations=6 (full 0):
 PSYoungGen      total 73216K, used 3561K [0x00000000ec700000, 0x00000000f1a00000, 0x0000000100000000)
  eden space 61440K, 0% used [0x00000000ec700000,0x00000000ec700000,0x00000000f0300000)
  from space 11776K, 30% used [0x00000000f0e80000,0x00000000f11fa4f8,0x00000000f1a00000)
  to   space 11776K, 0% used [0x00000000f0300000,0x00000000f0300000,0x00000000f0e80000)
 ParOldGen       total 40960K, used 19223K [0x00000000c5400000, 0x00000000c7c00000, 0x00000000ec700000)
  object space 40960K, 46% used [0x00000000c5400000,0x00000000c66c5d80,0x00000000c7c00000)
 Metaspace       used 12484K, capacity 12634K, committed 12800K, reserved 1060864K
  class space    used 1381K, capacity 1437K, committed 1536K, reserved 1048576K
}
Event: 14.851 GC heap before
{Heap before GC invocations=7 (full 0):
 PSYoungGen      total 73216K, used 65001K [0x00000000ec700000, 0x00000000f1a00000, 0x0000000100000000)
  eden space 61440K, 100% used [0x00000000ec700000,0x00000000f0300000,0x00000000f0300000)
  from space 11776K, 30% used [0x00000000f0e80000,0x00000000f11fa4f8,0x00000000f1a00000)
  to   space 11776K, 0% used [0x00000000f0300000,0x00000000f0300000,0x00000000f0e80000)
 ParOldGen       total 40960K, used 19223K [0x00000000c5400000, 0x00000000c7c00000, 0x00000000ec700000)
  object space 40960K, 46% used [0x00000000c5400000,0x00000000c66c5d80,0x00000000c7c00000)
 Metaspace       used 13393K, capacity 13594K, committed 13824K, reserved 1060864K
  class space    used 1436K, capacity 1501K, committed 1536K, reserved 1048576K

